Figwheel: focusing on build-ids (dev)
[0mCompiling "resources/public/js/compiled/perished.js" from ["src"]...
[32mSuccessfully compiled "resources/public/js/compiled/perished.js" in 7.413 seconds.[0m
notifying browser that file changed:  resources/public/js/compiled/out/goog/deps.js
notifying browser that file changed:  resources/public/js/compiled/out/cljs_deps.js
notifying browser that file changed:  /perished/core.js
[0mCompiling "resources/public/js/compiled/perished.js" from ["src"]...
[32mSuccessfully compiled "resources/public/js/compiled/perished.js" in 0.119 seconds.[0m
notifying browser that file changed:  /perished/core.js
[0mCompiling "resources/public/js/compiled/perished.js" from ["src"]...
[32mSuccessfully compiled "resources/public/js/compiled/perished.js" in 0.099 seconds.[0m
notifying browser that file changed:  resources/public/js/compiled/out/cljs_deps.js
notifying browser that file changed:  /perished/core.js
[0mCompiling "resources/public/js/compiled/perished.js" from ["src"]...
[32mSuccessfully compiled "resources/public/js/compiled/perished.js" in 0.077 seconds.[0m
notifying browser that file changed:  /perished/core.js
[0mCompiling "resources/public/js/compiled/perished.js" from ["src"]...
[32mSuccessfully compiled "resources/public/js/compiled/perished.js" in 0.127 seconds.[0m
notifying browser that file changed:  /perished/core.js
[0mCompiling "resources/public/js/compiled/perished.js" from ["src"]...
[32mSuccessfully compiled "resources/public/js/compiled/perished.js" in 0.077 seconds.[0m
notifying browser that file changed:  resources/public/js/compiled/out/cljs_deps.js
notifying browser that file changed:  /perished/core.js
[0mCompiling "resources/public/js/compiled/perished.js" from ["src"]...
[32mSuccessfully compiled "resources/public/js/compiled/perished.js" in 0.095 seconds.[0m
notifying browser that file changed:  resources/public/js/compiled/out/cljs_deps.js
notifying browser that file changed:  /perished/core.js
[0mCompiling "resources/public/js/compiled/perished.js" from ["src"]...
[31mCompiling "resources/public/js/compiled/perished.js" failed.[0m
java.io.FileNotFoundException: target/figwheel_temp/dev/figwheel/connect.cljs (No such file or directory)
 at java.io.FileOutputStream.open (FileOutputStream.java:-2)
    java.io.FileOutputStream.<init> (FileOutputStream.java:213)
    clojure.java.io/fn (io.clj:230)
    clojure.java.io$fn__8641$G__8604__8648.invoke (io.clj:69)
    clojure.java.io/fn (io.clj:166)
    clojure.java.io$fn__8654$G__8608__8661.invoke (io.clj:69)
    clojure.java.io$writer.doInvoke (io.clj:119)
    clojure.lang.RestFn.invoke (RestFn.java:410)
    figwheel_sidecar.auto_builder$create_connect_script_BANG_.invoke (auto_builder.clj:130)
    figwheel_sidecar.auto_builder$create_connect_script_if_needed_BANG_.invoke (auto_builder.clj:142)
    figwheel_sidecar.auto_builder$add_connect_script_BANG_.invoke (auto_builder.clj:147)
    figwheel_sidecar.auto_builder$insert_figwheel_connect_script$fn__17452.invoke (auto_builder.clj:164)
    figwheel_sidecar.auto_builder$warning$fn__17418.invoke (auto_builder.clj:73)
    clojurescript_build.auto$time_build$fn__17214.invoke (auto.clj:55)
    clojurescript_build.auto$after$fn__17220.invoke (auto.clj:64)
    clojurescript_build.auto$after$fn__17220.invoke (auto.clj:64)
    clojurescript_build.auto$after$fn__17220.invoke (auto.clj:64)
    clojurescript_build.auto$error$fn__17223.invoke (auto.clj:71)
    clojurescript_build.auto$before$fn__17217.invoke (auto.clj:60)
    clojurescript_build.auto$make_conditional_builder$fn__17235.invoke (auto.clj:103)
    clojure.core$mapv$fn__6311.invoke (core.clj:6353)
    clojure.lang.ArrayChunk.reduce (ArrayChunk.java:58)
    clojure.core.protocols/fn (protocols.clj:98)
    clojure.core.protocols$fn__6057$G__6052__6066.invoke (protocols.clj:19)
    clojure.core.protocols$seq_reduce.invoke (protocols.clj:31)
    clojure.core.protocols/fn (protocols.clj:60)
    clojure.core.protocols$fn__6031$G__6026__6044.invoke (protocols.clj:13)
    clojure.core$reduce.invoke (core.clj:6289)
    clojure.core$mapv.invoke (core.clj:6353)
    clojurescript_build.auto$autobuild_STAR_$fn__17321$state_machine__8989__auto____17322$fn__17327.invoke (auto.clj:186)
Figwheel: focusing on build-ids (dev)
[0mCompiling "resources/public/js/compiled/perished.js" from ["src"]...
WARNING: Use of undeclared Var perished.core/on-js-reload at line 2 target/figwheel_temp/dev/figwheel/connect.cljs
[32mSuccessfully compiled "resources/public/js/compiled/perished.js" in 1.348 seconds.[0m
notifying browser that file changed:  resources/public/js/compiled/out/goog/deps.js
notifying browser that file changed:  resources/public/js/compiled/out/cljs_deps.js
notifying browser that file changed:  /perished/core.js
Figwheel: focusing on build-ids (dev)
[0mCompiling "resources/public/js/compiled/perished.js" from ["src"]...
WARNING: Use of undeclared Var perished.core/on-js-reload at line 2 target/figwheel_temp/dev/figwheel/connect.cljs
[32mSuccessfully compiled "resources/public/js/compiled/perished.js" in 1.428 seconds.[0m
notifying browser that file changed:  resources/public/js/compiled/out/goog/deps.js
notifying browser that file changed:  resources/public/js/compiled/out/cljs_deps.js
notifying browser that file changed:  /perished/core.js
Figwheel: focusing on build-ids (dev)
[0mCompiling "resources/public/js/compiled/perished.js" from ["src"]...
WARNING: Use of undeclared Var perished.core/on-js-reload at line 2 target/figwheel_temp/dev/figwheel/connect.cljs
[32mSuccessfully compiled "resources/public/js/compiled/perished.js" in 1.104 seconds.[0m
notifying browser that file changed:  resources/public/js/compiled/out/goog/deps.js
notifying browser that file changed:  resources/public/js/compiled/out/cljs_deps.js
notifying browser that file changed:  /perished/core.js
[0mCompiling "resources/public/js/compiled/perished.js" from ["src"]...
WARNING: Use of undeclared Var perished.core/enable-console-print! at line 5 src/perished/core.cljs
WARNING: Use of undeclared Var perished.core/atom at line 9 src/perished/core.cljs
WARNING: Bad method signature in protocol implementation, cljs.core/IWithMeta does not declare method called -with-meta at line 13 src/perished/core.cljs
WARNING: Bad method signature in protocol implementation, cljs.core/IMeta does not declare method called -meta at line 13 src/perished/core.cljs
WARNING: Use of undeclared Var cljs.core/IMeta at line 13 src/perished/core.cljs
WARNING: Symbol cljs.core/IMeta is not a protocol at line 13 src/perished/core.cljs
WARNING: Use of undeclared Var cljs.core/IWithMeta at line 13 src/perished/core.cljs
WARNING: Symbol cljs.core/IWithMeta is not a protocol at line 13 src/perished/core.cljs
WARNING: Use of undeclared Var cljs.core/-write at line 13 src/perished/core.cljs
[32mSuccessfully compiled "resources/public/js/compiled/perished.js" in 0.395 seconds.[0m
notifying browser that file changed:  /perished/core.js
[0mCompiling "resources/public/js/compiled/perished.js" from ["src"]...
WARNING: Use of undeclared Var perished.core/enable-console-print! at line 5 src/perished/core.cljs
WARNING: Use of undeclared Var perished.core/atom at line 7 src/perished/core.cljs
WARNING: Bad method signature in protocol implementation, cljs.core/IWithMeta does not declare method called -with-meta at line 11 src/perished/core.cljs
WARNING: Bad method signature in protocol implementation, cljs.core/IMeta does not declare method called -meta at line 11 src/perished/core.cljs
WARNING: Use of undeclared Var cljs.core/IMeta at line 11 src/perished/core.cljs
WARNING: Symbol cljs.core/IMeta is not a protocol at line 11 src/perished/core.cljs
WARNING: Use of undeclared Var cljs.core/IWithMeta at line 11 src/perished/core.cljs
WARNING: Symbol cljs.core/IWithMeta is not a protocol at line 11 src/perished/core.cljs
WARNING: Use of undeclared Var cljs.core/-write at line 11 src/perished/core.cljs
[32mSuccessfully compiled "resources/public/js/compiled/perished.js" in 0.309 seconds.[0m
notifying browser that file changed:  /perished/core.js
[0mCompiling "resources/public/js/compiled/perished.js" from ["src"]...
WARNING: Use of undeclared Var perished.core/atom at line 7 src/perished/core.cljs
WARNING: Bad method signature in protocol implementation, cljs.core/IWithMeta does not declare method called -with-meta at line 11 src/perished/core.cljs
WARNING: Bad method signature in protocol implementation, cljs.core/IMeta does not declare method called -meta at line 11 src/perished/core.cljs
WARNING: Use of undeclared Var cljs.core/IMeta at line 11 src/perished/core.cljs
WARNING: Symbol cljs.core/IMeta is not a protocol at line 11 src/perished/core.cljs
WARNING: Use of undeclared Var cljs.core/IWithMeta at line 11 src/perished/core.cljs
WARNING: Symbol cljs.core/IWithMeta is not a protocol at line 11 src/perished/core.cljs
WARNING: Use of undeclared Var cljs.core/-write at line 11 src/perished/core.cljs
[32mSuccessfully compiled "resources/public/js/compiled/perished.js" in 0.268 seconds.[0m
notifying browser that file changed:  resources/public/js/compiled/out/cljs_deps.js
notifying browser that file changed:  /perished/core.js
[0mCompiling "resources/public/js/compiled/perished.js" from ["src"]...
WARNING: Use of undeclared Var perished.core/enable-console-print! at line 5 src/perished/core.cljs
WARNING: Use of undeclared Var perished.core/atom at line 7 src/perished/core.cljs
WARNING: Bad method signature in protocol implementation, cljs.core/IWithMeta does not declare method called -with-meta at line 11 src/perished/core.cljs
WARNING: Bad method signature in protocol implementation, cljs.core/IMeta does not declare method called -meta at line 11 src/perished/core.cljs
WARNING: Use of undeclared Var cljs.core/IMeta at line 11 src/perished/core.cljs
WARNING: Symbol cljs.core/IMeta is not a protocol at line 11 src/perished/core.cljs
WARNING: Use of undeclared Var cljs.core/IWithMeta at line 11 src/perished/core.cljs
WARNING: Symbol cljs.core/IWithMeta is not a protocol at line 11 src/perished/core.cljs
WARNING: Use of undeclared Var cljs.core/-write at line 11 src/perished/core.cljs
[32mSuccessfully compiled "resources/public/js/compiled/perished.js" in 0.267 seconds.[0m
notifying browser that file changed:  resources/public/js/compiled/out/cljs_deps.js
notifying browser that file changed:  /perished/core.js
[0mCompiling "resources/public/js/compiled/perished.js" from ["src"]...
WARNING: Use of undeclared Var perished.core/enable-console-print! at line 5 src/perished/core.cljs
WARNING: Use of undeclared Var perished.core/atom at line 7 src/perished/core.cljs
WARNING: Bad method signature in protocol implementation, cljs.core/IWithMeta does not declare method called -with-meta at line 11 src/perished/core.cljs
WARNING: Bad method signature in protocol implementation, cljs.core/IMeta does not declare method called -meta at line 11 src/perished/core.cljs
WARNING: Use of undeclared Var cljs.core/IMeta at line 11 src/perished/core.cljs
WARNING: Symbol cljs.core/IMeta is not a protocol at line 11 src/perished/core.cljs
WARNING: Use of undeclared Var cljs.core/IWithMeta at line 11 src/perished/core.cljs
WARNING: Symbol cljs.core/IWithMeta is not a protocol at line 11 src/perished/core.cljs
WARNING: Use of undeclared Var cljs.core/-write at line 11 src/perished/core.cljs
[32mSuccessfully compiled "resources/public/js/compiled/perished.js" in 0.272 seconds.[0m
notifying browser that file changed:  /perished/core.js
[0mCompiling "resources/public/js/compiled/perished.js" from ["src"]...
WARNING: Use of undeclared Var perished.core/enable-console-print! at line 5 src/perished/core.cljs
WARNING: Use of undeclared Var perished.core/atom at line 7 src/perished/core.cljs
WARNING: Bad method signature in protocol implementation, cljs.core/IWithMeta does not declare method called -with-meta at line 11 src/perished/core.cljs
WARNING: Bad method signature in protocol implementation, cljs.core/IMeta does not declare method called -meta at line 11 src/perished/core.cljs
WARNING: Use of undeclared Var cljs.core/IMeta at line 11 src/perished/core.cljs
WARNING: Symbol cljs.core/IMeta is not a protocol at line 11 src/perished/core.cljs
WARNING: Use of undeclared Var cljs.core/IWithMeta at line 11 src/perished/core.cljs
WARNING: Symbol cljs.core/IWithMeta is not a protocol at line 11 src/perished/core.cljs
WARNING: Use of undeclared Var cljs.core/-write at line 11 src/perished/core.cljs
[32mSuccessfully compiled "resources/public/js/compiled/perished.js" in 0.303 seconds.[0m
notifying browser that file changed:  /perished/core.js
[0mCompiling "resources/public/js/compiled/perished.js" from ["src"]...
WARNING: Use of undeclared Var perished.core/enable-console-print! at line 5 src/perished/core.cljs
WARNING: Use of undeclared Var perished.core/atom at line 7 src/perished/core.cljs
WARNING: Bad method signature in protocol implementation, cljs.core/IWithMeta does not declare method called -with-meta at line 11 src/perished/core.cljs
WARNING: Bad method signature in protocol implementation, cljs.core/IMeta does not declare method called -meta at line 11 src/perished/core.cljs
WARNING: Use of undeclared Var cljs.core/IMeta at line 11 src/perished/core.cljs
WARNING: Symbol cljs.core/IMeta is not a protocol at line 11 src/perished/core.cljs
WARNING: Use of undeclared Var cljs.core/IWithMeta at line 11 src/perished/core.cljs
WARNING: Symbol cljs.core/IWithMeta is not a protocol at line 11 src/perished/core.cljs
WARNING: Use of undeclared Var cljs.core/-write at line 11 src/perished/core.cljs
[32mSuccessfully compiled "resources/public/js/compiled/perished.js" in 0.255 seconds.[0m
notifying browser that file changed:  resources/public/js/compiled/out/cljs_deps.js
notifying browser that file changed:  /perished/core.js
[0mCompiling "resources/public/js/compiled/perished.js" from ["src"]...
WARNING: Use of undeclared Var om.core/enable-console-print! at line 5 src/perished/core.cljs
WARNING: Use of undeclared Var perished.core/atom at line 7 src/perished/core.cljs
WARNING: Bad method signature in protocol implementation, cljs.core/IWithMeta does not declare method called -with-meta at line 11 src/perished/core.cljs
WARNING: Bad method signature in protocol implementation, cljs.core/IMeta does not declare method called -meta at line 11 src/perished/core.cljs
WARNING: Use of undeclared Var cljs.core/IMeta at line 11 src/perished/core.cljs
WARNING: Symbol cljs.core/IMeta is not a protocol at line 11 src/perished/core.cljs
WARNING: Use of undeclared Var cljs.core/IWithMeta at line 11 src/perished/core.cljs
WARNING: Symbol cljs.core/IWithMeta is not a protocol at line 11 src/perished/core.cljs
WARNING: Use of undeclared Var cljs.core/-write at line 11 src/perished/core.cljs
[32mSuccessfully compiled "resources/public/js/compiled/perished.js" in 0.256 seconds.[0m
notifying browser that file changed:  /perished/core.js
[0mCompiling "resources/public/js/compiled/perished.js" from ["src"]...
WARNING: Use of undeclared Var cljs.core/enable-console-print! at line 5 src/perished/core.cljs
WARNING: Use of undeclared Var perished.core/atom at line 7 src/perished/core.cljs
WARNING: Bad method signature in protocol implementation, cljs.core/IWithMeta does not declare method called -with-meta at line 11 src/perished/core.cljs
WARNING: Bad method signature in protocol implementation, cljs.core/IMeta does not declare method called -meta at line 11 src/perished/core.cljs
WARNING: Use of undeclared Var cljs.core/IMeta at line 11 src/perished/core.cljs
WARNING: Symbol cljs.core/IMeta is not a protocol at line 11 src/perished/core.cljs
WARNING: Use of undeclared Var cljs.core/IWithMeta at line 11 src/perished/core.cljs
WARNING: Symbol cljs.core/IWithMeta is not a protocol at line 11 src/perished/core.cljs
WARNING: Use of undeclared Var cljs.core/-write at line 11 src/perished/core.cljs
[32mSuccessfully compiled "resources/public/js/compiled/perished.js" in 0.26 seconds.[0m
notifying browser that file changed:  /perished/core.js
[0mCompiling "resources/public/js/compiled/perished.js" from ["src"]...
WARNING: Use of undeclared Var perished.core/enable-console-print! at line 5 src/perished/core.cljs
WARNING: Use of undeclared Var perished.core/atom at line 7 src/perished/core.cljs
WARNING: Bad method signature in protocol implementation, cljs.core/IWithMeta does not declare method called -with-meta at line 11 src/perished/core.cljs
WARNING: Bad method signature in protocol implementation, cljs.core/IMeta does not declare method called -meta at line 11 src/perished/core.cljs
WARNING: Use of undeclared Var cljs.core/IMeta at line 11 src/perished/core.cljs
WARNING: Symbol cljs.core/IMeta is not a protocol at line 11 src/perished/core.cljs
WARNING: Use of undeclared Var cljs.core/IWithMeta at line 11 src/perished/core.cljs
WARNING: Symbol cljs.core/IWithMeta is not a protocol at line 11 src/perished/core.cljs
WARNING: Use of undeclared Var cljs.core/-write at line 11 src/perished/core.cljs
[32mSuccessfully compiled "resources/public/js/compiled/perished.js" in 0.25 seconds.[0m
notifying browser that file changed:  resources/public/js/compiled/out/cljs_deps.js
notifying browser that file changed:  /perished/core.js
[0mCompiling "resources/public/js/compiled/perished.js" from ["src"]...
WARNING: Use of undeclared Var perished.core/enable-console-print! at line 5 src/perished/core.cljs
WARNING: Use of undeclared Var perished.core/atom at line 9 src/perished/core.cljs
[31mCompiling "resources/public/js/compiled/perished.js" failed.[0m
ERROR: EOF while reading, starting at line 11 and column 1 on file null, line 18, column 1
Figwheel: focusing on build-ids (dev)
[0mCompiling "resources/public/js/compiled/perished.js" from ["src"]...
WARNING: Use of undeclared Var perished.core/on-js-reload at line 2 target/figwheel_temp/dev/figwheel/connect.cljs
[32mSuccessfully compiled "resources/public/js/compiled/perished.js" in 1.082 seconds.[0m
notifying browser that file changed:  resources/public/js/compiled/out/goog/deps.js
notifying browser that file changed:  resources/public/js/compiled/out/cljs_deps.js
notifying browser that file changed:  /perished/core.js
[0mCompiling "resources/public/js/compiled/perished.js" from ["src"]...
[31mCompiling "resources/public/js/compiled/perished.js" failed.[0m
ERROR: EOF while reading, starting at line 12 and column 3 on file null, line 19, column 1
[0mCompiling "resources/public/js/compiled/perished.js" from ["src"]...
[32mSuccessfully compiled "resources/public/js/compiled/perished.js" in 0.112 seconds.[0m
notifying browser that file changed:  /perished/core.js
[0mCompiling "resources/public/js/compiled/perished.js" from ["src"]...
[32mSuccessfully compiled "resources/public/js/compiled/perished.js" in 0.123 seconds.[0m
notifying browser that file changed:  /perished/core.js
[0mCompiling "resources/public/js/compiled/perished.js" from ["src"]...
[32mSuccessfully compiled "resources/public/js/compiled/perished.js" in 0.102 seconds.[0m
notifying browser that file changed:  /perished/core.js
[0mCompiling "resources/public/js/compiled/perished.js" from ["src"]...
[32mSuccessfully compiled "resources/public/js/compiled/perished.js" in 0.103 seconds.[0m
notifying browser that file changed:  resources/public/js/compiled/out/cljs_deps.js
notifying browser that file changed:  /perished/core.js
[0mCompiling "resources/public/js/compiled/perished.js" from ["src"]...
[32mSuccessfully compiled "resources/public/js/compiled/perished.js" in 0.126 seconds.[0m
notifying browser that file changed:  resources/public/js/compiled/out/cljs_deps.js
notifying browser that file changed:  /perished/core.js
[0mCompiling "resources/public/js/compiled/perished.js" from ["src"]...
[32mSuccessfully compiled "resources/public/js/compiled/perished.js" in 0.101 seconds.[0m
notifying browser that file changed:  resources/public/js/compiled/out/cljs_deps.js
notifying browser that file changed:  /perished/core.js
[0mCompiling "resources/public/js/compiled/perished.js" from ["src"]...
[32mSuccessfully compiled "resources/public/js/compiled/perished.js" in 0.119 seconds.[0m
notifying browser that file changed:  /perished/core.js
[0mCompiling "resources/public/js/compiled/perished.js" from ["src"]...
[32mSuccessfully compiled "resources/public/js/compiled/perished.js" in 0.141 seconds.[0m
notifying browser that file changed:  /perished/core.js
[0mCompiling "resources/public/js/compiled/perished.js" from ["src"]...
WARNING: Wrong number of args (1) passed to om.core/root at line 11 src/perished/core.cljs
[31mCompiling "resources/public/js/compiled/perished.js" failed.[0m
ERROR: Unmatched delimiter ) on file null, line 16, column 52
[0mCompiling "resources/public/js/compiled/perished.js" from ["src"]...
WARNING: Wrong number of args (1) passed to om.core/root at line 11 src/perished/core.cljs
[31mCompiling "resources/public/js/compiled/perished.js" failed.[0m
ERROR: Unmatched delimiter ) on file null, line 16, column 52
[0mCompiling "resources/public/js/compiled/perished.js" from ["src"]...
[32mSuccessfully compiled "resources/public/js/compiled/perished.js" in 0.101 seconds.[0m
notifying browser that file changed:  resources/public/js/compiled/out/cljs_deps.js
notifying browser that file changed:  /perished/core.js
[0mCompiling "resources/public/js/compiled/perished.js" from ["src"]...
[32mSuccessfully compiled "resources/public/js/compiled/perished.js" in 0.118 seconds.[0m
notifying browser that file changed:  /perished/core.js
[0mCompiling "resources/public/js/compiled/perished.js" from ["src"]...
[32mSuccessfully compiled "resources/public/js/compiled/perished.js" in 0.111 seconds.[0m
notifying browser that file changed:  /perished/core.js
[0mCompiling "resources/public/js/compiled/perished.js" from ["src"]...
[32mSuccessfully compiled "resources/public/js/compiled/perished.js" in 0.097 seconds.[0m
notifying browser that file changed:  /perished/core.js
[0mCompiling "resources/public/js/compiled/perished.js" from ["src"]...
[32mSuccessfully compiled "resources/public/js/compiled/perished.js" in 0.137 seconds.[0m
notifying browser that file changed:  /perished/core.js
[0mCompiling "resources/public/js/compiled/perished.js" from ["src"]...
[32mSuccessfully compiled "resources/public/js/compiled/perished.js" in 0.139 seconds.[0m
notifying browser that file changed:  /perished/core.js
[0mCompiling "resources/public/js/compiled/perished.js" from ["src"]...
[32mSuccessfully compiled "resources/public/js/compiled/perished.js" in 0.096 seconds.[0m
notifying browser that file changed:  resources/public/js/compiled/out/cljs_deps.js
notifying browser that file changed:  /perished/core.js
[0mCompiling "resources/public/js/compiled/perished.js" from ["src"]...
[32mSuccessfully compiled "resources/public/js/compiled/perished.js" in 0.094 seconds.[0m
notifying browser that file changed:  /perished/core.js
[0mCompiling "resources/public/js/compiled/perished.js" from ["src"]...
[32mSuccessfully compiled "resources/public/js/compiled/perished.js" in 0.101 seconds.[0m
notifying browser that file changed:  resources/public/js/compiled/out/cljs_deps.js
notifying browser that file changed:  /perished/core.js
[0mCompiling "resources/public/js/compiled/perished.js" from ["src"]...
WARNING: Use of undeclared Var perished.core/player-character at line 10 src/perished/core.cljs
WARNING: Use of undeclared Var perished.core/player-character at line 10 src/perished/core.cljs
WARNING: Use of undeclared Var perished.core/player-character at line 11 src/perished/core.cljs
WARNING: Use of undeclared Var perished.core/player-character at line 11 src/perished/core.cljs
WARNING: Use of undeclared Var perished.core/new-map at line 12 src/perished/core.cljs
[32mSuccessfully compiled "resources/public/js/compiled/perished.js" in 0.238 seconds.[0m
notifying browser that file changed:  /perished/core.js
[0mCompiling "resources/public/js/compiled/perished.js" from ["src"]...
WARNING: Use of undeclared Var perished.core/player-character at line 11 src/perished/core.cljs
WARNING: Use of undeclared Var perished.core/player-character at line 11 src/perished/core.cljs
WARNING: Use of undeclared Var perished.core/player-character at line 12 src/perished/core.cljs
WARNING: Use of undeclared Var perished.core/player-character at line 12 src/perished/core.cljs
WARNING: Use of undeclared Var perished.core/new-map at line 13 src/perished/core.cljs
[32mSuccessfully compiled "resources/public/js/compiled/perished.js" in 0.271 seconds.[0m
notifying browser that file changed:  /perished/core.js
[0mCompiling "resources/public/js/compiled/perished.js" from ["src"]...
[31mCompiling "resources/public/js/compiled/perished.js" failed.[0m
clojure.lang.ExceptionInfo: failed compiling file:src/perished/core.cljs
 at clojure.core$ex_info.invoke (core.clj:4403)
    cljs.compiler$compile_file$fn__2978.invoke (compiler.clj:1124)
    cljs.compiler$compile_file.invoke (compiler.clj:1092)
    cljs.compiler$compile_root.invoke (compiler.clj:1154)
    cljs.closure$compile_dir.invoke (closure.clj:369)
    cljs.closure$eval3347$fn__3348.invoke (closure.clj:409)
    cljs.closure$eval3283$fn__3284$G__3274__3291.invoke (closure.clj:316)
    cljs.closure$eval3334$fn__3335.invoke (closure.clj:423)
    cljs.closure$eval3283$fn__3284$G__3274__3291.invoke (closure.clj:316)
    clojurescript_build.core.CompilableSourcePaths/fn (core.clj:19)
    clojure.core$map$fn__4245.invoke (core.clj:2557)
    clojure.lang.LazySeq.sval (LazySeq.java:40)
    clojure.lang.LazySeq.seq (LazySeq.java:49)
    clojure.lang.RT.seq (RT.java:484)
    clojure.core$seq.invoke (core.clj:133)
    clojure.core$apply.invoke (core.clj:624)
    clojure.core$mapcat.doInvoke (core.clj:2586)
    clojure.lang.RestFn.invoke (RestFn.java:423)
    clojurescript_build.core.CompilableSourcePaths._compile (core.clj:19)
    cljs.closure$build.invoke (closure.clj:1415)
    clojurescript_build.core$build_source_paths_STAR_.invoke (core.clj:153)
    figwheel_sidecar.auto_builder$default_build_options$fn__17424.invoke (auto_builder.clj:78)
    figwheel_sidecar.auto_builder$insert_figwheel_connect_script$fn__17455.invoke (auto_builder.clj:164)
    figwheel_sidecar.auto_builder$warning$fn__17421.invoke (auto_builder.clj:73)
    clojurescript_build.auto$time_build$fn__17217.invoke (auto.clj:55)
    clojurescript_build.auto$after$fn__17223.invoke (auto.clj:64)
    clojurescript_build.auto$after$fn__17223.invoke (auto.clj:64)
    clojurescript_build.auto$after$fn__17223.invoke (auto.clj:64)
    clojurescript_build.auto$error$fn__17226.invoke (auto.clj:71)
    clojurescript_build.auto$before$fn__17220.invoke (auto.clj:60)
[0mCompiling "resources/public/js/compiled/perished.js" from ["src"]...
WARNING: Use of undeclared Var perished.core/player-character at line 14 src/perished/core.cljs
WARNING: Use of undeclared Var perished.core/player-character at line 14 src/perished/core.cljs
WARNING: Use of undeclared Var perished.core/player-character at line 15 src/perished/core.cljs
WARNING: Use of undeclared Var perished.core/player-character at line 15 src/perished/core.cljs
WARNING: Use of undeclared Var perished.core/new-map at line 16 src/perished/core.cljs
[32mSuccessfully compiled "resources/public/js/compiled/perished.js" in 0.268 seconds.[0m
notifying browser that file changed:  /perished/core.js
[0mCompiling "resources/public/js/compiled/perished.js" from ["src"]...
WARNING: Use of undeclared Var perished.core/player-character at line 14 src/perished/core.cljs
WARNING: Use of undeclared Var perished.core/player-character at line 14 src/perished/core.cljs
WARNING: Use of undeclared Var perished.core/player-character at line 15 src/perished/core.cljs
WARNING: Use of undeclared Var perished.core/player-character at line 15 src/perished/core.cljs
WARNING: Use of undeclared Var perished.core/new-map at line 16 src/perished/core.cljs
[32mSuccessfully compiled "resources/public/js/compiled/perished.js" in 0.234 seconds.[0m
notifying browser that file changed:  /perished/core.js
[0mCompiling "resources/public/js/compiled/perished.js" from ["src"]...
WARNING: Use of undeclared Var perished.core/player-character at line 16 src/perished/core.cljs
WARNING: Use of undeclared Var perished.core/player-character at line 16 src/perished/core.cljs
WARNING: Use of undeclared Var perished.core/player-character at line 17 src/perished/core.cljs
WARNING: Use of undeclared Var perished.core/player-character at line 17 src/perished/core.cljs
WARNING: Use of undeclared Var perished.core/new-map at line 18 src/perished/core.cljs
[32mSuccessfully compiled "resources/public/js/compiled/perished.js" in 0.289 seconds.[0m
notifying browser that file changed:  /perished/core.js
[0mCompiling "resources/public/js/compiled/perished.js" from ["src"]...
WARNING: Use of undeclared Var perished.core/player-character at line 16 src/perished/core.cljs
WARNING: Use of undeclared Var perished.core/player-character at line 16 src/perished/core.cljs
WARNING: Use of undeclared Var perished.core/player-character at line 17 src/perished/core.cljs
WARNING: Use of undeclared Var perished.core/player-character at line 17 src/perished/core.cljs
WARNING: Use of undeclared Var perished.core/new-map at line 18 src/perished/core.cljs
[32mSuccessfully compiled "resources/public/js/compiled/perished.js" in 0.297 seconds.[0m
notifying browser that file changed:  resources/public/js/compiled/out/cljs_deps.js
notifying browser that file changed:  /perished/core.js
[0mCompiling "resources/public/js/compiled/perished.js" from ["src"]...
WARNING: Use of undeclared Var perished.core/player-character at line 16 src/perished/core.cljs
WARNING: Use of undeclared Var perished.core/player-character at line 16 src/perished/core.cljs
WARNING: Use of undeclared Var perished.core/player-character at line 17 src/perished/core.cljs
WARNING: Use of undeclared Var perished.core/player-character at line 17 src/perished/core.cljs
WARNING: Use of undeclared Var perished.core/new-map at line 18 src/perished/core.cljs
[32mSuccessfully compiled "resources/public/js/compiled/perished.js" in 0.284 seconds.[0m
notifying browser that file changed:  /perished/core.js
[0mCompiling "resources/public/js/compiled/perished.js" from ["src"]...
[31mCompiling "resources/public/js/compiled/perished.js" failed.[0m
clojure.lang.ExceptionInfo: failed compiling file:src/perished/core.cljs
 at clojure.core$ex_info.invoke (core.clj:4403)
    cljs.compiler$compile_file$fn__2978.invoke (compiler.clj:1124)
    cljs.compiler$compile_file.invoke (compiler.clj:1092)
    cljs.compiler$compile_root.invoke (compiler.clj:1154)
    cljs.closure$compile_dir.invoke (closure.clj:369)
    cljs.closure$eval3347$fn__3348.invoke (closure.clj:409)
    cljs.closure$eval3283$fn__3284$G__3274__3291.invoke (closure.clj:316)
    cljs.closure$eval3334$fn__3335.invoke (closure.clj:423)
    cljs.closure$eval3283$fn__3284$G__3274__3291.invoke (closure.clj:316)
    clojurescript_build.core.CompilableSourcePaths/fn (core.clj:19)
    clojure.core$map$fn__4245.invoke (core.clj:2557)
    clojure.lang.LazySeq.sval (LazySeq.java:40)
    clojure.lang.LazySeq.seq (LazySeq.java:49)
    clojure.lang.RT.seq (RT.java:484)
    clojure.core$seq.invoke (core.clj:133)
    clojure.core$apply.invoke (core.clj:624)
    clojure.core$mapcat.doInvoke (core.clj:2586)
    clojure.lang.RestFn.invoke (RestFn.java:423)
    clojurescript_build.core.CompilableSourcePaths._compile (core.clj:19)
    cljs.closure$build.invoke (closure.clj:1415)
    clojurescript_build.core$build_source_paths_STAR_.invoke (core.clj:153)
    figwheel_sidecar.auto_builder$default_build_options$fn__17424.invoke (auto_builder.clj:78)
    figwheel_sidecar.auto_builder$insert_figwheel_connect_script$fn__17455.invoke (auto_builder.clj:164)
    figwheel_sidecar.auto_builder$warning$fn__17421.invoke (auto_builder.clj:73)
    clojurescript_build.auto$time_build$fn__17217.invoke (auto.clj:55)
    clojurescript_build.auto$after$fn__17223.invoke (auto.clj:64)
    clojurescript_build.auto$after$fn__17223.invoke (auto.clj:64)
    clojurescript_build.auto$after$fn__17223.invoke (auto.clj:64)
    clojurescript_build.auto$error$fn__17226.invoke (auto.clj:71)
    clojurescript_build.auto$before$fn__17220.invoke (auto.clj:60)
[0mCompiling "resources/public/js/compiled/perished.js" from ["src"]...
[31mCompiling "resources/public/js/compiled/perished.js" failed.[0m
clojure.lang.ExceptionInfo: failed compiling file:src/perished/core.cljs
 at clojure.core$ex_info.invoke (core.clj:4403)
    cljs.compiler$compile_file$fn__2978.invoke (compiler.clj:1124)
    cljs.compiler$compile_file.invoke (compiler.clj:1092)
    cljs.compiler$compile_root.invoke (compiler.clj:1154)
    cljs.closure$compile_dir.invoke (closure.clj:369)
    cljs.closure$eval3347$fn__3348.invoke (closure.clj:409)
    cljs.closure$eval3283$fn__3284$G__3274__3291.invoke (closure.clj:316)
    cljs.closure$eval3334$fn__3335.invoke (closure.clj:423)
    cljs.closure$eval3283$fn__3284$G__3274__3291.invoke (closure.clj:316)
    clojurescript_build.core.CompilableSourcePaths/fn (core.clj:19)
    clojure.core$map$fn__4245.invoke (core.clj:2557)
    clojure.lang.LazySeq.sval (LazySeq.java:40)
    clojure.lang.LazySeq.seq (LazySeq.java:49)
    clojure.lang.RT.seq (RT.java:484)
    clojure.core$seq.invoke (core.clj:133)
    clojure.core$apply.invoke (core.clj:624)
    clojure.core$mapcat.doInvoke (core.clj:2586)
    clojure.lang.RestFn.invoke (RestFn.java:423)
    clojurescript_build.core.CompilableSourcePaths._compile (core.clj:19)
    cljs.closure$build.invoke (closure.clj:1415)
    clojurescript_build.core$build_source_paths_STAR_.invoke (core.clj:153)
    figwheel_sidecar.auto_builder$default_build_options$fn__17424.invoke (auto_builder.clj:78)
    figwheel_sidecar.auto_builder$insert_figwheel_connect_script$fn__17455.invoke (auto_builder.clj:164)
    figwheel_sidecar.auto_builder$warning$fn__17421.invoke (auto_builder.clj:73)
    clojurescript_build.auto$time_build$fn__17217.invoke (auto.clj:55)
    clojurescript_build.auto$after$fn__17223.invoke (auto.clj:64)
    clojurescript_build.auto$after$fn__17223.invoke (auto.clj:64)
    clojurescript_build.auto$after$fn__17223.invoke (auto.clj:64)
    clojurescript_build.auto$error$fn__17226.invoke (auto.clj:71)
    clojurescript_build.auto$before$fn__17220.invoke (auto.clj:60)
[0mCompiling "resources/public/js/compiled/perished.js" from ["src"]...
WARNING: Use of undeclared Var perished.core/max-health at line 16 src/perished/core.cljs
WARNING: Use of undeclared Var perished.core/player-character at line 19 src/perished/core.cljs
WARNING: Use of undeclared Var perished.core/player-character at line 19 src/perished/core.cljs
WARNING: Use of undeclared Var perished.core/player-character at line 20 src/perished/core.cljs
WARNING: Use of undeclared Var perished.core/player-character at line 20 src/perished/core.cljs
WARNING: Use of undeclared Var perished.core/new-map at line 21 src/perished/core.cljs
[32mSuccessfully compiled "resources/public/js/compiled/perished.js" in 0.302 seconds.[0m
notifying browser that file changed:  resources/public/js/compiled/out/cljs_deps.js
notifying browser that file changed:  /perished/core.js
[0mCompiling "resources/public/js/compiled/perished.js" from ["src"]...
[31mCompiling "resources/public/js/compiled/perished.js" failed.[0m
clojure.lang.ExceptionInfo: failed compiling file:src/perished/core.cljs
 at clojure.core$ex_info.invoke (core.clj:4403)
    cljs.compiler$compile_file$fn__2978.invoke (compiler.clj:1124)
    cljs.compiler$compile_file.invoke (compiler.clj:1092)
    cljs.compiler$compile_root.invoke (compiler.clj:1154)
    cljs.closure$compile_dir.invoke (closure.clj:369)
    cljs.closure$eval3347$fn__3348.invoke (closure.clj:409)
    cljs.closure$eval3283$fn__3284$G__3274__3291.invoke (closure.clj:316)
    cljs.closure$eval3334$fn__3335.invoke (closure.clj:423)
    cljs.closure$eval3283$fn__3284$G__3274__3291.invoke (closure.clj:316)
    clojurescript_build.core.CompilableSourcePaths/fn (core.clj:19)
    clojure.core$map$fn__4245.invoke (core.clj:2557)
    clojure.lang.LazySeq.sval (LazySeq.java:40)
    clojure.lang.LazySeq.seq (LazySeq.java:49)
    clojure.lang.RT.seq (RT.java:484)
    clojure.core$seq.invoke (core.clj:133)
    clojure.core$apply.invoke (core.clj:624)
    clojure.core$mapcat.doInvoke (core.clj:2586)
    clojure.lang.RestFn.invoke (RestFn.java:423)
    clojurescript_build.core.CompilableSourcePaths._compile (core.clj:19)
    cljs.closure$build.invoke (closure.clj:1415)
    clojurescript_build.core$build_source_paths_STAR_.invoke (core.clj:153)
    figwheel_sidecar.auto_builder$default_build_options$fn__17424.invoke (auto_builder.clj:78)
    figwheel_sidecar.auto_builder$insert_figwheel_connect_script$fn__17455.invoke (auto_builder.clj:164)
    figwheel_sidecar.auto_builder$warning$fn__17421.invoke (auto_builder.clj:73)
    clojurescript_build.auto$time_build$fn__17217.invoke (auto.clj:55)
    clojurescript_build.auto$after$fn__17223.invoke (auto.clj:64)
    clojurescript_build.auto$after$fn__17223.invoke (auto.clj:64)
    clojurescript_build.auto$after$fn__17223.invoke (auto.clj:64)
    clojurescript_build.auto$error$fn__17226.invoke (auto.clj:71)
    clojurescript_build.auto$before$fn__17220.invoke (auto.clj:60)
[0mCompiling "resources/public/js/compiled/perished.js" from ["src"]...
WARNING: Use of undeclared Var perished.core/player-character at line 22 src/perished/core.cljs
WARNING: Use of undeclared Var perished.core/player-character at line 22 src/perished/core.cljs
WARNING: Use of undeclared Var perished.core/player-character at line 23 src/perished/core.cljs
WARNING: Use of undeclared Var perished.core/player-character at line 23 src/perished/core.cljs
WARNING: Use of undeclared Var perished.core/new-map at line 24 src/perished/core.cljs
[32mSuccessfully compiled "resources/public/js/compiled/perished.js" in 0.338 seconds.[0m
notifying browser that file changed:  resources/public/js/compiled/out/cljs_deps.js
notifying browser that file changed:  /perished/core.js
[0mCompiling "resources/public/js/compiled/perished.js" from ["src"]...
WARNING: Use of undeclared Var perished.core/player-character at line 23 src/perished/core.cljs
WARNING: Use of undeclared Var perished.core/player-character at line 23 src/perished/core.cljs
WARNING: Use of undeclared Var perished.core/player-character at line 24 src/perished/core.cljs
WARNING: Use of undeclared Var perished.core/player-character at line 24 src/perished/core.cljs
WARNING: Use of undeclared Var perished.core/new-map at line 25 src/perished/core.cljs
[32mSuccessfully compiled "resources/public/js/compiled/perished.js" in 0.3 seconds.[0m
notifying browser that file changed:  resources/public/js/compiled/out/cljs_deps.js
notifying browser that file changed:  /perished/core.js
[0mCompiling "resources/public/js/compiled/perished.js" from ["src"]...
[31mCompiling "resources/public/js/compiled/perished.js" failed.[0m
ERROR: EOF while reading, starting at line 22 and column 1 on file null, line 38, column 1
[0mCompiling "resources/public/js/compiled/perished.js" from ["src"]...
[31mCompiling "resources/public/js/compiled/perished.js" failed.[0m
ERROR: EOF while reading, starting at line 22 and column 27 on file null, line 38, column 1
[0mCompiling "resources/public/js/compiled/perished.js" from ["src"]...
WARNING: Wrong number of args (3) passed to ChClass at line 8 src/perished/core.cljs
[31mCompiling "resources/public/js/compiled/perished.js" failed.[0m
ERROR: EOF while reading, starting at line 23 and column 27 on file null, line 39, column 1
[0mCompiling "resources/public/js/compiled/perished.js" from ["src"]...
[31mCompiling "resources/public/js/compiled/perished.js" failed.[0m
ERROR: EOF while reading, starting at line 23 and column 27 on file null, line 39, column 1
[0mCompiling "resources/public/js/compiled/perished.js" from ["src"]...
WARNING: Use of undeclared Var perished.core/new-map at line 28 src/perished/core.cljs
[32mSuccessfully compiled "resources/public/js/compiled/perished.js" in 0.299 seconds.[0m
notifying browser that file changed:  /perished/core.js
[0mCompiling "resources/public/js/compiled/perished.js" from ["src"]...
[31mCompiling "resources/public/js/compiled/perished.js" failed.[0m
clojure.lang.ExceptionInfo: failed compiling file:src/perished/core.cljs
 at clojure.core$ex_info.invoke (core.clj:4403)
    cljs.compiler$compile_file$fn__2978.invoke (compiler.clj:1124)
    cljs.compiler$compile_file.invoke (compiler.clj:1092)
    cljs.compiler$compile_root.invoke (compiler.clj:1154)
    cljs.closure$compile_dir.invoke (closure.clj:369)
    cljs.closure$eval3347$fn__3348.invoke (closure.clj:409)
    cljs.closure$eval3283$fn__3284$G__3274__3291.invoke (closure.clj:316)
    cljs.closure$eval3334$fn__3335.invoke (closure.clj:423)
    cljs.closure$eval3283$fn__3284$G__3274__3291.invoke (closure.clj:316)
    clojurescript_build.core.CompilableSourcePaths/fn (core.clj:19)
    clojure.core$map$fn__4245.invoke (core.clj:2557)
    clojure.lang.LazySeq.sval (LazySeq.java:40)
    clojure.lang.LazySeq.seq (LazySeq.java:49)
    clojure.lang.RT.seq (RT.java:484)
    clojure.core$seq.invoke (core.clj:133)
    clojure.core$apply.invoke (core.clj:624)
    clojure.core$mapcat.doInvoke (core.clj:2586)
    clojure.lang.RestFn.invoke (RestFn.java:423)
    clojurescript_build.core.CompilableSourcePaths._compile (core.clj:19)
    cljs.closure$build.invoke (closure.clj:1415)
    clojurescript_build.core$build_source_paths_STAR_.invoke (core.clj:153)
    figwheel_sidecar.auto_builder$default_build_options$fn__17424.invoke (auto_builder.clj:78)
    figwheel_sidecar.auto_builder$insert_figwheel_connect_script$fn__17455.invoke (auto_builder.clj:164)
    figwheel_sidecar.auto_builder$warning$fn__17421.invoke (auto_builder.clj:73)
    clojurescript_build.auto$time_build$fn__17217.invoke (auto.clj:55)
    clojurescript_build.auto$after$fn__17223.invoke (auto.clj:64)
    clojurescript_build.auto$after$fn__17223.invoke (auto.clj:64)
    clojurescript_build.auto$after$fn__17223.invoke (auto.clj:64)
    clojurescript_build.auto$error$fn__17226.invoke (auto.clj:71)
    clojurescript_build.auto$before$fn__17220.invoke (auto.clj:60)
[0mCompiling "resources/public/js/compiled/perished.js" from ["src"]...
[32mSuccessfully compiled "resources/public/js/compiled/perished.js" in 0.28 seconds.[0m
notifying browser that file changed:  /perished/core.js
[0mCompiling "resources/public/js/compiled/perished.js" from ["src"]...
[32mSuccessfully compiled "resources/public/js/compiled/perished.js" in 0.257 seconds.[0m
notifying browser that file changed:  /perished/core.js
[0mCompiling "resources/public/js/compiled/perished.js" from ["src"]...
[31mCompiling "resources/public/js/compiled/perished.js" failed.[0m
ERROR: Unmatched delimiter ) on file null, line 25, column 30
[0mCompiling "resources/public/js/compiled/perished.js" from ["src"]...
[31mCompiling "resources/public/js/compiled/perished.js" failed.[0m
ERROR: EOF while reading, starting at line 22 and column 1 on file null, line 51, column 1
[0mCompiling "resources/public/js/compiled/perished.js" from ["src"]...
WARNING: Use of undeclared Var perished.core/sub-chclass at line 24 src/perished/core.cljs
WARNING: Use of undeclared Var perished.core/sub-passives at line 24 src/perished/core.cljs
[32mSuccessfully compiled "resources/public/js/compiled/perished.js" in 0.33 seconds.[0m
notifying browser that file changed:  resources/public/js/compiled/out/cljs_deps.js
notifying browser that file changed:  /perished/core.js
[0mCompiling "resources/public/js/compiled/perished.js" from ["src"]...
[32mSuccessfully compiled "resources/public/js/compiled/perished.js" in 0.252 seconds.[0m
notifying browser that file changed:  resources/public/js/compiled/out/cljs_deps.js
notifying browser that file changed:  /perished/core.js
